make.exe all --print-data-base --no-builtin-variables --no-builtin-rules --question
make: *** No rule to make target 'all'.  Stop.

# GNU Make 4.4
# Built for x86_64-pc-msys
# Copyright (C) 1988-2022 Free Software Foundation, Inc.
# License GPLv3+: GNU GPL version 3 or later <https://gnu.org/licenses/gpl.html>
# This is free software: you are free to change and redistribute it.
# There is NO WARRANTY, to the extent permitted by law.

# Make data base, printed on Wed Feb 22 08:32:45 2023

# Variables

# environment
SYSTEMDRIVE = C:
 
# environment
LC_ALL = C
# environment
USERPROFILE = C:\Users\XiaomiPRO
# environment
VBOX_MSI_INSTALL_PATH = C:\Program Files\Oracle\VirtualBox\
# environment
LOCALAPPDATA = C:\Users\XiaomiPRO\AppData\Local
# environment
CUDA_PATH_V12_0 = C:\Program Files\NVIDIA GPU Computing Toolkit\CUDA\v12.0
# environment
VSCODE_CWD = C:\WINDOWS\system32
# environment
SYSTEMROOT = C:\WINDOWS
# environment
PROCESSOR_LEVEL = 6
# environment
PSMODULEPATH = %ProgramFiles%\WindowsPowerShell\Modules;C:\WINDOWS\system32\WindowsPowerShell\v1.0\Modules
# default
MAKE_COMMAND := make
# automatic
@D = $(patsubst %/,%,$(dir $@))
# environment
CHROME_CRASHPAD_PIPE_NAME = \\.\pipe\LOCAL\crashpad_17492_VKTFGLZBMFGKXSVU
# environment
VSCODE_HANDLES_UNCAUGHT_ERRORS = true
# default
.VARIABLES := 
# automatic
%D = $(patsubst %/,%,$(dir $%))
# automatic
^D = $(patsubst %/,%,$(dir $^))
# automatic
%F = $(notdir $%)
# environment
VSCODE_CODE_CACHE_PATH = C:\Users\XiaomiPRO\AppData\Roaming\Code\CachedData\441438abd1ac652551dbe4d408dfcec8a499b8bf
# environment
LANG = C
# default
.LOADED := 
# environment
TMP = /c/Users/XIAOMI~1/AppData/Local/Temp
# default
.INCLUDE_DIRS := /usr/include
# makefile
MAKEFLAGS = pqrR
# environment
ONEDRIVE = C:\Users\XiaomiPRO\OneDrive
# environment
POWERSHELL_DISTRIBUTION_CHANNEL = MSI:Windows 10 Home
# makefile
CURDIR := /nb/docker
# environment
APPLICATION_INSIGHTS_NO_DIAGNOSTIC_CHANNEL = 1
# automatic
*D = $(patsubst %/,%,$(dir $*))
# environment
PROGRAMFILES = C:\Program Files
# environment
MFLAGS = -pqrR
# default
.SHELLFLAGS := -c
 
# environment
COMMONPROGRAMW6432 = C:\Program Files\Common Files
# automatic
+D = $(patsubst %/,%,$(dir $+))
# makefile
MAKEFILE_LIST := 
# automatic
@F = $(notdir $@)
# environment
VSCODE_PID = 17492
# environment
CUDA_PATH = C:\Program Files\NVIDIA GPU Computing Toolkit\CUDA\v12.0
# automatic
?D = $(patsubst %/,%,$(dir $?))
# automatic
*F = $(notdir $*)
# automatic
<D = $(patsubst %/,%,$(dir $<))
# environment
VSCODE_NLS_CONFIG = {"locale":"ru","availableLanguages":{},"_languagePackSupport":true}
# environment
ONEDRIVECONSUMER = C:\Users\XiaomiPRO\OneDrive
# default
MAKE_HOST := x86_64-pc-msys
# environment
PROGRAMDATA = C:\ProgramData
# default
SHELL := /bin/sh
# environment
HOMEPATH = \Users\XiaomiPRO
# default
MAKECMDGOALS := all
# environment
DRIVERDATA = C:\Windows\System32\Drivers\DriverData
# environment
COMSPEC = C:\WINDOWS\system32\cmd.exe
# environment
WINDIR = C:\WINDOWS
# environment
MAKELEVEL := 0
# default
MAKE = $(MAKE_COMMAND)
# environment
PATH = /c/Program Files/NVIDIA GPU Computing Toolkit/CUDA/v12.0/bin:/c/Program Files/NVIDIA GPU Computing Toolkit/CUDA/v12.0/libnvvp:/c/Program Files/Eclipse Adoptium/jdk-8.0.322.6-hotspot/bin:/c/Program Files/Common Files/Oracle/Java/javapath:/c/Program Files (x86)/Common Files/Oracle/Java/javapath:/c/WINDOWS/system32:/c/WINDOWS:/c/WINDOWS/System32/Wbem:/c/WINDOWS/System32/WindowsPowerShell/v1.0:/c/WINDOWS/System32/OpenSSH:/c/Program Files/Microsoft SQL Server/130/Tools/Binn:/c/Program Files/Microsoft SQL Server/Client SDK/ODBC/170/Tools/Binn:/usr/bin:/c/Program Files/Wolfram Research/WolframScript:/c/Program Files/Git/cmd:/c/Program Files/Calibre2:/c/WINDOWS/system32:/c/WINDOWS:/c/WINDOWS/System32/Wbem:/c/WINDOWS/System32/WindowsPowerShell/v1.0:/c/WINDOWS/System32/OpenSSH:/c/Program Files/dotnet:/c/Program Files/Docker/Docker/resources/bin:/c/Program Files/NVIDIA Corporation/Nsight Compute 2022.4.0:/c/Program Files (x86)/NVIDIA Corporation/PhysX/Common:/c/Program Files/NVIDIA Corporation/NVIDIA NvDLISR:/c/Program Files/PowerShell/7:/c/evaluator/fpc/bin/i386-Win32:/c/Users/XiaomiPRO/AppData/Local/Programs/Python/Python310/Scripts:/c/Users/XiaomiPRO/AppData/Local/Programs/Python/Python310:/c/Users/XiaomiPRO/AppData/Local/Programs/Python/Launcher:/c/Users/XiaomiPRO/AppData/Local/Microsoft/WindowsApps:/c/Users/XiaomiPRO/AppData/Local/Programs/MiKTeX 2.9/miktex/bin/x64:/mingw64/bin:/c/Users/XiaomiPRO/.dotnet/tools:/c/Users/XiaomiPRO/AppData/Local/GitHubDesktop/bin:/d/srv/usr/php:/c/Users/XiaomiPRO/AppData/Local/Programs/Microsoft VS Code/bin:/c/Users/XiaomiPRO/AppData/Local/Programs/MiKTeX/miktex/bin/x64:/usr/local/node
# environment
ZES_ENABLE_SYSMAN = 1
# environment
COMPUTERNAME = DEKTOP-KREY
# default
MAKEFILES := 
# automatic
 
^F = $(notdir $^)
# environment
PROMPT = $P$G
# environment
LOGONSERVER = \\DEKTOP-KREY
# environment
USERNAME = XiaomiPRO
# environment
COMMONPROGRAMFILES = C:\Program Files\Common Files
# automatic
?F = $(notdir $?)
# environment
PROGRAMW6432 = C:\Program Files
# environment
PATHEXT = .COM;.EXE;.BAT;.CMD;.VBS;.VBE;.JS;.JSE;.WSF;.WSH;.MSC
# automatic
+F = $(notdir $+)
# environment
ORIGINAL_XDG_CURRENT_DESKTOP = undefined
# environment
USERDOMAIN = DEKTOP-KREY
# 'override' directive
GNUMAKEFLAGS := 
# environment
OS = Windows_NT
# makefile
.DEFAULT_GOAL := 
# default
MAKE_VERSION := 4.4
# environment
PROGRAMFILES(X86) = C:\Program Files (x86)
# environment
!D: = d:\projects\NetBeansProjects\docker
# environment
USERDOMAIN_ROAMINGPROFILE = DEKTOP-KREY
# environment
NUMBER_OF_PROCESSORS = 8
# environment
PUBLIC = C:\Users\Public
# environment
APPDATA = C:\Users\XiaomiPRO\AppData\Roaming
# environment
HOMEDRIVE = C:
# environment
PROCESSOR_ARCHITECTURE = AMD64
# environment
VSCODE_AMD_ENTRYPOINT = vs/workbench/api/node/extensionHostProcess
# environment
HOME = /home/XiaomiPRO
# environment
COMMONPROGRAMFILES(X86) = C:\Program Files (x86)\Common Files
# environment
ELECTRON_RUN_AS_NODE = 1
# environment
TEMP = /c/Users/XIAOMI~1/AppData/Local/Temp
# environment
VSCODE_IPC_HOOK = \\.\pipe\529e7feb62c2aca4950afd689a76bf68-1.75.1-main-sock
# environment
TERM = xterm-256color
# default
.RECIPEPREFIX := 
# automatic
<F = $(notdir $<)
# default
SUFFIXES := 
# environment
ALLUSERSPROFILE = C:\ProgramData
# default
.FEATURES := target-specific order-only second-expansion else-if shortest-stem undefine oneshell nocomment grouped-target extra-prereqs notintermediate shell-export archives jobserver jobserver-fifo output-sync check-symlink load
# environment
PROCESSOR_REVISION = 8e0c
# environment
PROCESSOR_IDENTIFIER = Intel64 Family 6 Model 142 Stepping 12, GenuineIntel
# variable set hash-table stats:
 
# Load=94/1024=9%, Rehash=0, Collisions=11/119=9%

# Pattern-specific Variable Values

# No pattern-specific variable values.

# Directories

# . (device 4237722159, inode 3096224744102577): 10 files, no impossibilities.

# 10 files, no impossibilities in 1 directories.

# Implicit Rules

# No implicit rules.

# Files

# Not a target:
Makefile:
#  Implicit rule search has been done.
#  File does not exist.
#  File has been updated.
#  Failed to be updated.

# Not a target:
.DEFAULT:
#  Implicit rule search has not been done.
#  Modification time never checked.
#  File has not been updated.

# Not a target:
all:
#  Command line target.
#  Implicit rule search has been done.
#  File does not exist.
#  File has not been updated.

# Not a target:
makefile:
#  Implicit rule search has been done.
#  File does not exist.
#  File has been updated.
#  Failed to be updated.

# Not a target:
GNUmakefile:
#  Implicit rule search has been done.
#  File does not exist.
#  File has been updated.
#  Failed to be updated.

# files hash-table stats:
# Load=6/1024=1%, Rehash=0, Collisions=0/16=0%
# VPATH Search Paths

# No 'vpath' search paths.

# No general ('VPATH' variable) search path.

# strcache buffers: 1 (0) / strings = 17 / storage = 140 B / avg = 8 B
# current buf: size = 8162 B / used = 140 B / count = 17 / avg = 8 B

# strcache performance: lookups = 20 / hit rate = 15%
# hash-table stats:
# Load=17/8192=0%, Rehash=0, Collisions=0/20=0%
# Finished Make data base on Wed Feb 22 08:32:45 2023

 
